DEBUG:urllib3.connectionpool:Starting new HTTPS connection (1): huggingface.co:443
DEBUG:urllib3.connectionpool:https://huggingface.co:443 "HEAD /distilbert-base-uncased-finetuned-sst-2-english/resolve/main/config.json HTTP/1.1" 200 0
DEBUG:urllib3.connectionpool:Starting new HTTPS connection (1): huggingface.co:443
DEBUG:urllib3.connectionpool:https://huggingface.co:443 "HEAD /distilbert-base-uncased-finetuned-sst-2-english/resolve/main/config.json HTTP/1.1" 200 0
INFO:werkzeug:[31m[1mWARNING: This is a development server. Do not use it in a production deployment. Use a production WSGI server instead.[0m
 * Running on http://127.0.0.1:5000
INFO:werkzeug:[33mPress CTRL+C to quit[0m
INFO:werkzeug: * Restarting with stat
DEBUG:urllib3.connectionpool:Starting new HTTPS connection (1): huggingface.co:443
DEBUG:urllib3.connectionpool:https://huggingface.co:443 "HEAD /distilbert-base-uncased-finetuned-sst-2-english/resolve/main/config.json HTTP/1.1" 200 0
WARNING:werkzeug: * Debugger is active!
INFO:werkzeug: * Debugger PIN: 136-624-374
INFO:werkzeug:127.0.0.1 - - [11/Apr/2023 21:48:57] "POST /DevPlanAPI/getSentimentStatusText HTTP/1.1" 200 -
DEBUG:urllib3.connectionpool:Starting new HTTPS connection (1): huggingface.co:443
DEBUG:urllib3.connectionpool:https://huggingface.co:443 "HEAD /distilbert-base-uncased-finetuned-sst-2-english/resolve/main/config.json HTTP/1.1" 200 0
DEBUG:urllib3.connectionpool:Starting new HTTPS connection (1): huggingface.co:443
DEBUG:urllib3.connectionpool:https://huggingface.co:443 "HEAD /facebook/bart-large-mnli/resolve/main/config.json HTTP/1.1" 200 0
INFO:werkzeug:[31m[1mWARNING: This is a development server. Do not use it in a production deployment. Use a production WSGI server instead.[0m
 * Running on http://127.0.0.1:5000
INFO:werkzeug:[33mPress CTRL+C to quit[0m
INFO:werkzeug: * Restarting with stat
DEBUG:urllib3.connectionpool:Starting new HTTPS connection (1): huggingface.co:443
DEBUG:urllib3.connectionpool:https://huggingface.co:443 "HEAD /distilbert-base-uncased-finetuned-sst-2-english/resolve/main/config.json HTTP/1.1" 200 0
DEBUG:urllib3.connectionpool:Starting new HTTPS connection (1): huggingface.co:443
DEBUG:urllib3.connectionpool:https://huggingface.co:443 "HEAD /facebook/bart-large-mnli/resolve/main/config.json HTTP/1.1" 200 0
INFO:werkzeug:[31m[1mWARNING: This is a development server. Do not use it in a production deployment. Use a production WSGI server instead.[0m
 * Running on http://127.0.0.1:5000
INFO:werkzeug:[33mPress CTRL+C to quit[0m
INFO:werkzeug: * Restarting with stat
DEBUG:urllib3.connectionpool:Starting new HTTPS connection (1): huggingface.co:443
DEBUG:urllib3.connectionpool:https://huggingface.co:443 "HEAD /distilbert-base-uncased-finetuned-sst-2-english/resolve/main/config.json HTTP/1.1" 200 0
DEBUG:urllib3.connectionpool:Starting new HTTPS connection (1): huggingface.co:443
DEBUG:urllib3.connectionpool:https://huggingface.co:443 "HEAD /facebook/bart-large-mnli/resolve/main/config.json HTTP/1.1" 200 0
WARNING:werkzeug: * Debugger is active!
INFO:werkzeug: * Debugger PIN: 136-624-374
INFO:werkzeug:127.0.0.1 - - [11/Apr/2023 22:06:08] "POST /DevPlanAPI/getRiskProbabilities HTTP/1.1" 200 -
